#
# There is insufficient memory for the Java Runtime Environment to continue.
# Native memory allocation (malloc) failed to allocate 32744 bytes for ChunkPool::allocate
# Possible reasons:
#   The system is out of physical RAM or swap space
#   The process is running with CompressedOops enabled, and the Java Heap may be blocking the growth of the native heap
# Possible solutions:
#   Reduce memory load on the system
#   Increase physical memory or swap space
#   Check if swap backing store is full
#   Decrease Java heap size (-Xmx/-Xms)
#   Decrease number of Java threads
#   Decrease Java thread stack sizes (-Xss)
#   Set larger code cache with -XX:ReservedCodeCacheSize=
#   JVM is running with Unscaled Compressed Oops mode in which the Java heap is
#     placed in the first 4GB address space. The Java Heap base address is the
#     maximum limit for the native heap growth. Please use -XX:HeapBaseMinAddress
#     to set the Java Heap base and to place the Java Heap above 4GB virtual address.
# This output file may be truncated or incomplete.
#
#  Out of Memory Error (allocation.cpp:272), pid=10136, tid=0x00000000000025dc
#
# JRE version: Java(TM) SE Runtime Environment (8.0_202-b08) (build 1.8.0_202-b08)
# Java VM: Java HotSpot(TM) 64-Bit Server VM (25.202-b08 mixed mode windows-amd64 compressed oops)
# Failed to write core dump. Minidumps are not enabled by default on client versions of Windows
#

---------------  T H R E A D  ---------------

Current thread (0x0000000019f54800):  JavaThread "C2 CompilerThread2" daemon [_thread_in_native, id=9692, stack(0x000000001a9b0000,0x000000001aab0000)]

Stack: [0x000000001a9b0000,0x000000001aab0000]
[error occurred during error reporting (printing stack bounds), id 0xc0000005]

Native frames: (J=compiled Java code, j=interpreted, Vv=VM code, C=native code)


Current CompileTask:
C2:   6162 2802       4       java.net.URLClassLoader$1::run (5 bytes)


---------------  P R O C E S S  ---------------

Java Threads: ( => current thread )
  0x000000001ef45800 JavaThread "Cache worker for execution history cache (C:\Users\madhu\.gradle\caches\8.4\executionHistory)" [_thread_blocked, id=2960, stack(0x0000000023540000,0x0000000023640000)]
  0x000000001ef45000 JavaThread "Cache worker for cache directory md-rule (C:\Users\madhu\.gradle\caches\8.4\md-rule)" [_thread_blocked, id=744, stack(0x0000000023440000,0x0000000023540000)]
  0x000000001ef44000 JavaThread "Cache worker for file content cache (C:\Users\madhu\.gradle\caches\8.4\fileContent)" [_thread_blocked, id=9628, stack(0x0000000023140000,0x0000000023240000)]
  0x000000001ef48000 JavaThread "Cache worker for cache directory md-supplier (C:\Users\madhu\.gradle\caches\8.4\md-supplier)" [_thread_blocked, id=5000, stack(0x0000000023040000,0x0000000023140000)]
  0x000000001ef42800 JavaThread "Cache worker for file hash cache (D:\project173\.gradle\8.4\fileHashes)" [_thread_blocked, id=22176, stack(0x0000000022f40000,0x0000000023040000)]
  0x000000001ef42000 JavaThread "Cache worker for checksums cache (D:\project173\.gradle\8.4\checksums)" [_thread_blocked, id=12460, stack(0x0000000022e40000,0x0000000022f40000)]
  0x000000001c178800 JavaThread "jar transforms Thread 3" [_thread_blocked, id=660, stack(0x0000000022b40000,0x0000000022c40000)]
  0x000000001c17e800 JavaThread "jar transforms Thread 2" [_thread_blocked, id=22692, stack(0x00000000227f0000,0x00000000228f0000)]
  0x000000001c179000 JavaThread "jar transforms" [_thread_blocked, id=19744, stack(0x00000000226f0000,0x00000000227f0000)]
  0x000000001c17c000 JavaThread "File watcher consumer" daemon [_thread_blocked, id=6608, stack(0x00000000225f0000,0x00000000226f0000)]
  0x000000001c17d800 JavaThread "File watcher server" daemon [_thread_in_native, id=16576, stack(0x00000000224f0000,0x00000000225f0000)]
  0x000000001c17b800 JavaThread "File lock release action executor" [_thread_blocked, id=15572, stack(0x00000000221f0000,0x00000000222f0000)]
  0x000000001c17a800 JavaThread "Cache worker for file hash cache (C:\Users\madhu\.gradle\caches\8.4\fileHashes)" [_thread_blocked, id=6468, stack(0x0000000020e90000,0x0000000020f90000)]
  0x000000001c17f000 JavaThread "File lock request listener" [_thread_in_native, id=5684, stack(0x0000000020d90000,0x0000000020e90000)]
  0x000000001c17a000 JavaThread "Cache worker for journal cache (C:\Users\madhu\.gradle\caches\journal-1)" [_thread_blocked, id=3812, stack(0x000000001fcc0000,0x000000001fdc0000)]
  0x000000001d29a000 JavaThread "Daemon client event forwarder" [_thread_blocked, id=3436, stack(0x000000001e7f0000,0x000000001e8f0000)]
  0x000000001d2d7000 JavaThread "Stdin handler" [_thread_blocked, id=2528, stack(0x000000001e6f0000,0x000000001e7f0000)]
  0x000000001d10c800 JavaThread "Asynchronous log dispatcher for DefaultDaemonConnection: socket connection from /127.0.0.1:59840 to /127.0.0.1:59841" [_thread_blocked, id=2072, stack(0x000000001e5f0000,0x000000001e6f0000)]
  0x000000001b2ed800 JavaThread "Daemon worker" [_thread_in_Java, id=17780, stack(0x000000001e3f0000,0x000000001e4f0000)]
  0x000000001b2ed000 JavaThread "Cancel handler" [_thread_blocked, id=20372, stack(0x000000001e2f0000,0x000000001e3f0000)]
  0x000000001c4c6000 JavaThread "Handler for socket connection from /127.0.0.1:59840 to /127.0.0.1:59841" [_thread_in_native, id=11676, stack(0x000000001e1f0000,0x000000001e2f0000)]
  0x000000001c499800 JavaThread "Daemon" [_thread_blocked, id=8544, stack(0x000000001e0f0000,0x000000001e1f0000)]
  0x000000001d093000 JavaThread "Daemon periodic checks" [_thread_blocked, id=10604, stack(0x000000001dff0000,0x000000001e0f0000)]
  0x000000001d092000 JavaThread "Incoming local TCP Connector on port 59840" [_thread_in_native, id=9724, stack(0x000000001dda0000,0x000000001dea0000)]
  0x000000001cf86800 JavaThread "Daemon health stats" [_thread_blocked, id=18504, stack(0x000000001c580000,0x000000001c680000)]
  0x0000000019f6b000 JavaThread "Service Thread" daemon [_thread_blocked, id=19132, stack(0x000000001abb0000,0x000000001acb0000)]
  0x0000000019f5b800 JavaThread "C1 CompilerThread3" daemon [_thread_in_native, id=22984, stack(0x000000001aab0000,0x000000001abb0000)]
=>0x0000000019f54800 JavaThread "C2 CompilerThread2" daemon [_thread_in_native, id=9692, stack(0x000000001a9b0000,0x000000001aab0000)]
  0x0000000019f54000 JavaThread "C2 CompilerThread1" daemon [_thread_in_vm, id=17236, stack(0x000000001a8b0000,0x000000001a9b0000)]
  0x0000000019f52000 JavaThread "C2 CompilerThread0" daemon [_thread_in_native, id=19984, stack(0x000000001a7b0000,0x000000001a8b0000)]
  0x0000000019ed3800 JavaThread "Attach Listener" daemon [_thread_blocked, id=23032, stack(0x000000001a6b0000,0x000000001a7b0000)]
  0x0000000019ed2800 JavaThread "Signal Dispatcher" daemon [_thread_blocked, id=19016, stack(0x000000001a5b0000,0x000000001a6b0000)]
  0x0000000019ec1000 JavaThread "Finalizer" daemon [_thread_blocked, id=20380, stack(0x000000001a3a0000,0x000000001a4a0000)]
  0x00000000180bd800 JavaThread "Reference Handler" daemon [_thread_blocked, id=13784, stack(0x000000001a2a0000,0x000000001a3a0000)]
  0x0000000002f53800 JavaThread "main" [_thread_blocked, id=20696, stack(0x0000000002d30000,0x0000000002e30000)]

Other Threads:
  0x00000000180b9000 VMThread [stack: 0x0000000019da0000,0x0000000019ea0000] [id=16232]
  0x0000000019fd0000 WatcherThread [stack: 0x000000001acb0000,0x000000001adb0000] [id=15308]

VM state:not at safepoint (normal execution)

VM Mutex/Monitor currently owned by a thread: None

heap address: 0x0000000080000000, size: 2048 MB, Compressed Oops mode: 32-bit
Narrow klass base: 0x0000000000000000, Narrow klass shift: 3
Compressed class space size: 1073741824 Address: 0x0000000100000000

Heap:
 PSYoungGen      total 134144K, used 6448K [0x00000000d5580000, 0x00000000e2e00000, 0x0000000100000000)
  eden space 123392K, 5% used [0x00000000d5580000,0x00000000d5bcc028,0x00000000dce00000)
  from space 10752K, 0% used [0x00000000ddc00000,0x00000000ddc00000,0x00000000de680000)
  to   space 14336K, 0% used [0x00000000dce00000,0x00000000dce00000,0x00000000ddc00000)
 ParOldGen       total 94208K, used 18384K [0x0000000080000000, 0x0000000085c00000, 0x00000000d5580000)
  object space 94208K, 19% used [0x0000000080000000,0x00000000811f4138,0x0000000085c00000)
 Metaspace       used 33836K, capacity 35776K, committed 36096K, reserved 1079296K
  class space    used 5120K, capacity 5512K, committed 5632K, reserved 1048576K

Card table byte_map: [0x0000000012410000,0x0000000012820000] byte_map_base: 0x0000000012010000

Marking Bits: (ParMarkBitMap*) 0x0000000077d85ce0
 Begin Bits: [0x00000000132d0000, 0x00000000152d0000)
 End Bits:   [0x00000000152d0000, 0x00000000172d0000)

Polling page: 0x00000000013f0000

CodeCache: size=245760Kb used=9595Kb max_used=9702Kb free=236164Kb
 bounds [0x0000000003050000, 0x00000000039d0000, 0x0000000012050000]
 total_blobs=3342 nmethods=2759 adapters=495
 compilation: enabled

Compilation events (10 events):
Event: 6.124 Thread 0x0000000019f5b800 2824       1       groovyjarjarantlr4.v4.runtime.atn.BlockEndState::getStateType (3 bytes)
Event: 6.124 Thread 0x0000000019f5b800 nmethod 2824 0x0000000003169f90 code [0x000000000316a0e0, 0x000000000316a1f0]
Event: 6.124 Thread 0x0000000019f5b800 2823       1       groovyjarjarantlr4.v4.runtime.atn.BasicBlockStartState::getStateType (2 bytes)
Event: 6.124 Thread 0x0000000019f5b800 nmethod 2823 0x0000000003169cd0 code [0x0000000003169e20, 0x0000000003169f30]
Event: 6.124 Thread 0x0000000019f5b800 2825       3       groovyjarjarantlr4.v4.runtime.misc.Interval::startsBeforeDisjoint (28 bytes)
Event: 6.124 Thread 0x0000000019f5b800 nmethod 2825 0x00000000031698d0 code [0x0000000003169a20, 0x0000000003169c10]
Event: 6.124 Thread 0x0000000019f5b800 2826       3       groovyjarjarantlr4.v4.runtime.misc.Interval::of (54 bytes)
Event: 6.124 Thread 0x0000000019f5b800 nmethod 2826 0x000000000320c810 code [0x000000000320c9a0, 0x000000000320cf90]
Event: 6.124 Thread 0x0000000019f5b800 2822       1       groovyjarjarantlr4.v4.runtime.atn.AtomTransition::getSerializationType (2 bytes)
Event: 6.125 Thread 0x0000000019f5b800 nmethod 2822 0x0000000003169610 code [0x0000000003169760, 0x0000000003169870]

GC Heap History (10 events):
Event: 3.791 GC heap before
{Heap before GC invocations=6 (full 0):
 PSYoungGen      total 68608K, used 53785K [0x00000000d5580000, 0x00000000de680000, 0x0000000100000000)
  eden space 63488K, 76% used [0x00000000d5580000,0x00000000d850a7a0,0x00000000d9380000)
  from space 5120K, 99% used [0x00000000d9380000,0x00000000d987c010,0x00000000d9880000)
  to   space 10752K, 0% used [0x00000000ddc00000,0x00000000ddc00000,0x00000000de680000)
 ParOldGen       total 84992K, used 7201K [0x0000000080000000, 0x0000000085300000, 0x00000000d5580000)
  object space 84992K, 8% used [0x0000000080000000,0x00000000807084a8,0x0000000085300000)
 Metaspace       used 20393K, capacity 21246K, committed 21296K, reserved 1067008K
  class space    used 2962K, capacity 3173K, committed 3200K, reserved 1048576K
Event: 3.798 GC heap after
Heap after GC invocations=6 (full 0):
 PSYoungGen      total 137216K, used 8645K [0x00000000d5580000, 0x00000000de780000, 0x0000000100000000)
  eden space 126464K, 0% used [0x00000000d5580000,0x00000000d5580000,0x00000000dd100000)
  from space 10752K, 80% used [0x00000000ddc00000,0x00000000de4714e0,0x00000000de680000)
  to   space 11264K, 0% used [0x00000000dd100000,0x00000000dd100000,0x00000000ddc00000)
 ParOldGen       total 84992K, used 7209K [0x0000000080000000, 0x0000000085300000, 0x00000000d5580000)
  object space 84992K, 8% used [0x0000000080000000,0x000000008070a4a8,0x0000000085300000)
 Metaspace       used 20393K, capacity 21246K, committed 21296K, reserved 1067008K
  class space    used 2962K, capacity 3173K, committed 3200K, reserved 1048576K
}
Event: 3.798 GC heap before
{Heap before GC invocations=7 (full 1):
 PSYoungGen      total 137216K, used 8645K [0x00000000d5580000, 0x00000000de780000, 0x0000000100000000)
  eden space 126464K, 0% used [0x00000000d5580000,0x00000000d5580000,0x00000000dd100000)
  from space 10752K, 80% used [0x00000000ddc00000,0x00000000de4714e0,0x00000000de680000)
  to   space 11264K, 0% used [0x00000000dd100000,0x00000000dd100000,0x00000000ddc00000)
 ParOldGen       total 84992K, used 7209K [0x0000000080000000, 0x0000000085300000, 0x00000000d5580000)
  object space 84992K, 8% used [0x0000000080000000,0x000000008070a4a8,0x0000000085300000)
 Metaspace       used 20393K, capacity 21246K, committed 21296K, reserved 1067008K
  class space    used 2962K, capacity 3173K, committed 3200K, reserved 1048576K
Event: 3.839 GC heap after
Heap after GC invocations=7 (full 1):
 PSYoungGen      total 137216K, used 0K [0x00000000d5580000, 0x00000000de780000, 0x0000000100000000)
  eden space 126464K, 0% used [0x00000000d5580000,0x00000000d5580000,0x00000000dd100000)
  from space 10752K, 0% used [0x00000000ddc00000,0x00000000ddc00000,0x00000000de680000)
  to   space 11264K, 0% used [0x00000000dd100000,0x00000000dd100000,0x00000000ddc00000)
 ParOldGen       total 59904K, used 9633K [0x0000000080000000, 0x0000000083a80000, 0x00000000d5580000)
  object space 59904K, 16% used [0x0000000080000000,0x00000000809686f0,0x0000000083a80000)
 Metaspace       used 20393K, capacity 21246K, committed 21296K, reserved 1067008K
  class space    used 2962K, capacity 3173K, committed 3200K, reserved 1048576K
}
Event: 5.262 GC heap before
{Heap before GC invocations=8 (full 1):
 PSYoungGen      total 137216K, used 126464K [0x00000000d5580000, 0x00000000de780000, 0x0000000100000000)
  eden space 126464K, 100% used [0x00000000d5580000,0x00000000dd100000,0x00000000dd100000)
  from space 10752K, 0% used [0x00000000ddc00000,0x00000000ddc00000,0x00000000de680000)
  to   space 11264K, 0% used [0x00000000dd100000,0x00000000dd100000,0x00000000ddc00000)
 ParOldGen       total 59904K, used 9633K [0x0000000080000000, 0x0000000083a80000, 0x00000000d5580000)
  object space 59904K, 16% used [0x0000000080000000,0x00000000809686f0,0x0000000083a80000)
 Metaspace       used 27171K, capacity 28820K, committed 29056K, reserved 1073152K
  class space    used 4051K, capacity 4400K, committed 4480K, reserved 1048576K
Event: 5.272 GC heap after
Heap after GC invocations=8 (full 1):
 PSYoungGen      total 137728K, used 10679K [0x00000000d5580000, 0x00000000de780000, 0x0000000100000000)
  eden space 126464K, 0% used [0x00000000d5580000,0x00000000d5580000,0x00000000dd100000)
  from space 11264K, 94% used [0x00000000dd100000,0x00000000ddb6df20,0x00000000ddc00000)
  to   space 10752K, 0% used [0x00000000ddc00000,0x00000000ddc00000,0x00000000de680000)
 ParOldGen       total 59904K, used 9641K [0x0000000080000000, 0x0000000083a80000, 0x00000000d5580000)
  object space 59904K, 16% used [0x0000000080000000,0x000000008096a6f0,0x0000000083a80000)
 Metaspace       used 27171K, capacity 28820K, committed 29056K, reserved 1073152K
  class space    used 4051K, capacity 4400K, committed 4480K, reserved 1048576K
}
Event: 6.043 GC heap before
{Heap before GC invocations=9 (full 1):
 PSYoungGen      total 137728K, used 80709K [0x00000000d5580000, 0x00000000de780000, 0x0000000100000000)
  eden space 126464K, 55% used [0x00000000d5580000,0x00000000d99e3688,0x00000000dd100000)
  from space 11264K, 94% used [0x00000000dd100000,0x00000000ddb6df20,0x00000000ddc00000)
  to   space 10752K, 0% used [0x00000000ddc00000,0x00000000ddc00000,0x00000000de680000)
 ParOldGen       total 59904K, used 9641K [0x0000000080000000, 0x0000000083a80000, 0x00000000d5580000)
  object space 59904K, 16% used [0x0000000080000000,0x000000008096a6f0,0x0000000083a80000)
 Metaspace       used 33448K, capacity 35368K, committed 35456K, reserved 1079296K
  class space    used 5051K, capacity 5460K, committed 5504K, reserved 1048576K
Event: 6.052 GC heap after
Heap after GC invocations=9 (full 1):
 PSYoungGen      total 134144K, used 10750K [0x00000000d5580000, 0x00000000e2e00000, 0x0000000100000000)
  eden space 123392K, 0% used [0x00000000d5580000,0x00000000d5580000,0x00000000dce00000)
  from space 10752K, 99% used [0x00000000ddc00000,0x00000000de67f990,0x00000000de680000)
  to   space 14336K, 0% used [0x00000000dce00000,0x00000000dce00000,0x00000000ddc00000)
 ParOldGen       total 59904K, used 10607K [0x0000000080000000, 0x0000000083a80000, 0x00000000d5580000)
  object space 59904K, 17% used [0x0000000080000000,0x0000000080a5bc98,0x0000000083a80000)
 Metaspace       used 33448K, capacity 35368K, committed 35456K, reserved 1079296K
  class space    used 5051K, capacity 5460K, committed 5504K, reserved 1048576K
}
Event: 6.052 GC heap before
{Heap before GC invocations=10 (full 2):
 PSYoungGen      total 134144K, used 10750K [0x00000000d5580000, 0x00000000e2e00000, 0x0000000100000000)
  eden space 123392K, 0% used [0x00000000d5580000,0x00000000d5580000,0x00000000dce00000)
  from space 10752K, 99% used [0x00000000ddc00000,0x00000000de67f990,0x00000000de680000)
  to   space 14336K, 0% used [0x00000000dce00000,0x00000000dce00000,0x00000000ddc00000)
 ParOldGen       total 59904K, used 10607K [0x0000000080000000, 0x0000000083a80000, 0x00000000d5580000)
  object space 59904K, 17% used [0x0000000080000000,0x0000000080a5bc98,0x0000000083a80000)
 Metaspace       used 33448K, capacity 35368K, committed 35456K, reserved 1079296K
  class space    used 5051K, capacity 5460K, committed 5504K, reserved 1048576K
Event: 6.096 GC heap after
Heap after GC invocations=10 (full 2):
 PSYoungGen      total 134144K, used 0K [0x00000000d5580000, 0x00000000e2e00000, 0x0000000100000000)
  eden space 123392K, 0% used [0x00000000d5580000,0x00000000d5580000,0x00000000dce00000)
  from space 10752K, 0% used [0x00000000ddc00000,0x00000000ddc00000,0x00000000de680000)
  to   space 14336K, 0% used [0x00000000dce00000,0x00000000dce00000,0x00000000ddc00000)
 ParOldGen       total 94208K, used 18384K [0x0000000080000000, 0x0000000085c00000, 0x00000000d5580000)
  object space 94208K, 19% used [0x0000000080000000,0x00000000811f4138,0x0000000085c00000)
 Metaspace       used 33432K, capacity 35328K, committed 35456K, reserved 1079296K
  class space    used 5044K, capacity 5448K, committed 5504K, reserved 1048576K
}

Deoptimization events (10 events):
Event: 4.864 Thread 0x000000001b2ed800 Uncommon trap: reason=unstable_if action=reinterpret pc=0x00000000035b5258 method=java.util.jar.JarFile.maybeInstantiateVerifier()V @ 4
Event: 4.865 Thread 0x000000001b2ed800 Uncommon trap: reason=unstable_if action=reinterpret pc=0x00000000036b31ec method=java.security.CodeSource.getCertificates()[Ljava/security/cert/Certificate; @ 22
Event: 4.866 Thread 0x000000001b2ed800 Uncommon trap: reason=bimorphic action=maybe_recompile pc=0x00000000035a2944 method=java.lang.ClassLoader.loadClass(Ljava/lang/String;Z)Ljava/lang/Class; @ 38
Event: 4.867 Thread 0x000000001b2ed800 Uncommon trap: reason=bimorphic action=maybe_recompile pc=0x00000000035a2944 method=java.lang.ClassLoader.loadClass(Ljava/lang/String;Z)Ljava/lang/Class; @ 38
Event: 4.867 Thread 0x000000001b2ed800 Uncommon trap: reason=bimorphic action=maybe_recompile pc=0x00000000035a2944 method=java.lang.ClassLoader.loadClass(Ljava/lang/String;Z)Ljava/lang/Class; @ 38
Event: 4.871 Thread 0x000000001b2ed800 Uncommon trap: reason=unstable_if action=reinterpret pc=0x00000000036bf5bc method=java.util.jar.JarFile.maybeInstantiateVerifier()V @ 4
Event: 4.872 Thread 0x000000001b2ed800 Uncommon trap: reason=bimorphic action=maybe_recompile pc=0x00000000037d1c88 method=java.lang.ClassLoader.getPackage(Ljava/lang/String;)Ljava/lang/Package; @ 47
Event: 4.872 Thread 0x000000001b2ed800 Uncommon trap: reason=bimorphic action=maybe_recompile pc=0x00000000037d1c88 method=java.lang.ClassLoader.getPackage(Ljava/lang/String;)Ljava/lang/Package; @ 47
Event: 5.346 Thread 0x000000001b2ed800 Uncommon trap: reason=unstable_if action=reinterpret pc=0x000000000359a660 method=java.util.HashMap.hash(Ljava/lang/Object;)I @ 1
Event: 6.118 Thread 0x000000001b2ed800 Uncommon trap: reason=bimorphic action=maybe_recompile pc=0x00000000032e5350 method=java.util.HashMap.putVal(ILjava/lang/Object;Ljava/lang/Object;ZZ)Ljava/lang/Object; @ 203

Classes redefined (0 events):
No events

Internal exceptions (10 events):
Event: 4.910 Thread 0x000000001b2ed800 Exception <a 'java/lang/NoSuchMethodError': <clinit>> (0x00000000da572ab0) thrown at [C:\re\workspace\8-2-build-windows-amd64-cygwin\jdk8u202\12323\hotspot\src\share\vm\prims\jni.cpp, line 1614]
Event: 4.910 Thread 0x000000001b2ed800 Exception <a 'java/lang/NoSuchMethodError': <clinit>> (0x00000000da574138) thrown at [C:\re\workspace\8-2-build-windows-amd64-cygwin\jdk8u202\12323\hotspot\src\share\vm\prims\jni.cpp, line 1614]
Event: 4.911 Thread 0x000000001b2ed800 Exception <a 'java/lang/NoSuchMethodError': <clinit>> (0x00000000da584668) thrown at [C:\re\workspace\8-2-build-windows-amd64-cygwin\jdk8u202\12323\hotspot\src\share\vm\prims\jni.cpp, line 1614]
Event: 4.912 Thread 0x000000001b2ed800 Exception <a 'java/lang/NoSuchMethodError': <clinit>> (0x00000000da593bf0) thrown at [C:\re\workspace\8-2-build-windows-amd64-cygwin\jdk8u202\12323\hotspot\src\share\vm\prims\jni.cpp, line 1614]
Event: 5.100 Thread 0x000000001b2ed800 Exception <a 'java/lang/NoSuchMethodError': java.lang.Object.lambda$createFactory$0(Lorg/gradle/api/internal/DocumentationRegistry;Lorg/gradle/internal/resource/transport/http/HttpSettings;)Lorg/gradle/internal/resource/transport/http/HttpClientHelper;> (
Event: 5.176 Thread 0x000000001b2ed800 Exception <a 'java/lang/NoSuchMethodError': java.lang.Object.lambda$withReadOnlyCache$0(Ljava/util/function/BiFunction;Lorg/gradle/api/internal/artifacts/ivyservice/ArtifactCacheMetadata;)Ljava/lang/Object;> (0x00000000dc60bff0) thrown at [C:\re\workspace
Event: 5.220 Thread 0x000000001b2ed800 Exception <a 'java/lang/NoSuchMethodError': java.lang.Object.lambda$static$0(Lorg/gradle/api/internal/artifacts/ivyservice/ivyresolve/ModuleComponentRepository;Ljava/lang/String;Lorg/gradle/api/internal/artifacts/configurations/ResolutionStrategyInternal;
Event: 5.346 Thread 0x000000001b2ed800 Implicit null exception at 0x000000000359a455 to 0x000000000359a651
Event: 5.565 Thread 0x000000001b2ed800 Exception <a 'java/lang/NoSuchMethodError': java.lang.Object.lambda$isEqual$3(Ljava/lang/Object;Ljava/lang/Object;)Z> (0x00000000d7196ef8) thrown at [C:\re\workspace\8-2-build-windows-amd64-cygwin\jdk8u202\12323\hotspot\src\share\vm\interpreter\linkResolv
Event: 5.602 Thread 0x000000001b2ed800 Exception <a 'java/lang/IncompatibleClassChangeError': Found class java.lang.Object, but interface was expected> (0x00000000d7495d00) thrown at [C:\re\workspace\8-2-build-windows-amd64-cygwin\jdk8u202\12323\hotspot\src\share\vm\interpreter\linkResolver.cp

Events (10 events):
Event: 6.115 Thread 0x0000000019f5b800 flushing nmethod 0x0000000003255610
Event: 6.116 Thread 0x0000000019f5b800 flushing nmethod 0x0000000003262810
Event: 6.116 Thread 0x0000000019f5b800 flushing nmethod 0x0000000003282910
Event: 6.116 Thread 0x0000000019f5b800 flushing nmethod 0x000000000328ee90
Event: 6.116 Thread 0x0000000019f5b800 flushing nmethod 0x0000000003299d50
Event: 6.116 Thread 0x0000000019f5b800 flushing nmethod 0x00000000032a1c90
Event: 6.116 Thread 0x0000000019f5b800 flushing nmethod 0x00000000032b0790
Event: 6.118 Thread 0x000000001b2ed800 Uncommon trap: trap_request=0xffffffc6 fr.pc=0x00000000032e5350
Event: 6.118 Thread 0x000000001b2ed800 DEOPT PACKING pc=0x00000000032e5350 sp=0x000000001e4e8920
Event: 6.118 Thread 0x000000001b2ed800 DEOPT UNPACKING pc=0x000000000309583b sp=0x000000001e4e87d0 mode 2


Dynamic libraries:
0x00007ff7bee40000 - 0x00007ff7bee77000 	C:\Program Files\Java\jdk1.8.0_202\bin\java.exe
0x00007ffb7f810000 - 0x00007ffb7fa27000 	C:\WINDOWS\SYSTEM32\ntdll.dll
0x00007ffb7d590000 - 0x00007ffb7d654000 	C:\WINDOWS\System32\KERNEL32.DLL
0x00007ffb7d010000 - 0x00007ffb7d3e2000 	C:\WINDOWS\System32\KERNELBASE.dll
0x00007ffb7eb80000 - 0x00007ffb7ec31000 	C:\WINDOWS\System32\ADVAPI32.dll
0x00007ffb7f3f0000 - 0x00007ffb7f497000 	C:\WINDOWS\System32\msvcrt.dll
0x00007ffb7eac0000 - 0x00007ffb7eb68000 	C:\WINDOWS\System32\sechost.dll
0x00007ffb7cfe0000 - 0x00007ffb7d008000 	C:\WINDOWS\System32\bcrypt.dll
0x00007ffb7f050000 - 0x00007ffb7f164000 	C:\WINDOWS\System32\RPCRT4.dll
0x00007ffb7ee20000 - 0x00007ffb7efd1000 	C:\WINDOWS\System32\USER32.dll
0x00007ffb7d470000 - 0x00007ffb7d496000 	C:\WINDOWS\System32\win32u.dll
0x00007ffb7e8f0000 - 0x00007ffb7e919000 	C:\WINDOWS\System32\GDI32.dll
0x00007ffb7c900000 - 0x00007ffb7ca23000 	C:\WINDOWS\System32\gdi32full.dll
0x00007ffb7cf40000 - 0x00007ffb7cfda000 	C:\WINDOWS\System32\msvcp_win.dll
0x00007ffb7ccb0000 - 0x00007ffb7cdc1000 	C:\WINDOWS\System32\ucrtbase.dll
0x00007ffb65790000 - 0x00007ffb65a2b000 	C:\WINDOWS\WinSxS\amd64_microsoft.windows.common-controls_6595b64144ccf1df_6.0.22621.5547_none_27104afb73855772\COMCTL32.dll
0x00007ffb7ec40000 - 0x00007ffb7ec71000 	C:\WINDOWS\System32\IMM32.DLL
0x0000000050040000 - 0x0000000050112000 	C:\Program Files\Java\jdk1.8.0_202\jre\bin\msvcr100.dll
0x0000000077560000 - 0x0000000077e05000 	C:\Program Files\Java\jdk1.8.0_202\jre\bin\server\jvm.dll
0x00007ffb7ed70000 - 0x00007ffb7ed78000 	C:\WINDOWS\System32\PSAPI.DLL
0x00007ffb780a0000 - 0x00007ffb780d4000 	C:\WINDOWS\SYSTEM32\WINMM.dll
0x00007ffb5b5e0000 - 0x00007ffb5b5e9000 	C:\WINDOWS\SYSTEM32\WSOCK32.dll
0x00007ffb77f60000 - 0x00007ffb77f6a000 	C:\WINDOWS\SYSTEM32\VERSION.dll
0x00007ffb7eda0000 - 0x00007ffb7ee11000 	C:\WINDOWS\System32\WS2_32.dll
0x00007ffb73d40000 - 0x00007ffb73d4f000 	C:\Program Files\Java\jdk1.8.0_202\jre\bin\verify.dll
0x00007ffb71a40000 - 0x00007ffb71a69000 	C:\Program Files\Java\jdk1.8.0_202\jre\bin\java.dll
0x00007ffb4d4a0000 - 0x00007ffb4d4c3000 	C:\Program Files\Java\jdk1.8.0_202\jre\bin\instrument.dll
0x00007ffb73860000 - 0x00007ffb73876000 	C:\Program Files\Java\jdk1.8.0_202\jre\bin\zip.dll
0x00007ffb7d710000 - 0x00007ffb7dfb2000 	C:\WINDOWS\System32\SHELL32.dll
0x00007ffb7caf0000 - 0x00007ffb7cc2f000 	C:\WINDOWS\System32\wintypes.dll
0x00007ffb7e0d0000 - 0x00007ffb7e463000 	C:\WINDOWS\System32\combase.dll
0x00007ffb7a7e0000 - 0x00007ffb7b0fd000 	C:\WINDOWS\SYSTEM32\windows.storage.dll
0x00007ffb7f2e0000 - 0x00007ffb7f3ec000 	C:\WINDOWS\System32\SHCORE.dll
0x00007ffb7d4a0000 - 0x00007ffb7d509000 	C:\WINDOWS\System32\shlwapi.dll
0x00007ffb7c830000 - 0x00007ffb7c85b000 	C:\WINDOWS\SYSTEM32\profapi.dll
0x00007ffb72f20000 - 0x00007ffb72f3a000 	C:\Program Files\Java\jdk1.8.0_202\jre\bin\net.dll
0x00007ffb608f0000 - 0x00007ffb60ae5000 	C:\WINDOWS\SYSTEM32\urlmon.dll
0x00007ffb60630000 - 0x00007ffb608ef000 	C:\WINDOWS\SYSTEM32\iertutil.dll
0x00007ffb7b350000 - 0x00007ffb7b35c000 	C:\WINDOWS\SYSTEM32\netutils.dll
0x00007ffb60600000 - 0x00007ffb60628000 	C:\WINDOWS\SYSTEM32\srvcli.dll
0x00007ffb7bd70000 - 0x00007ffb7bdd9000 	C:\WINDOWS\system32\mswsock.dll
0x00007ffb72d60000 - 0x00007ffb72d72000 	C:\Program Files\Java\jdk1.8.0_202\jre\bin\nio.dll
0x00007ffb72b90000 - 0x00007ffb72bb7000 	C:\Users\madhu\.gradle\native\c067742578af261105cb4f569cf0c3c89f3d7b1fecec35dd04571415982c5e48\windows-amd64\native-platform.dll
0x00007ffb2d4c0000 - 0x00007ffb2d604000 	C:\Users\madhu\.gradle\native\38dada09dfb8b06ba9b0570ebf7e218e3eb74d4ef43ca46872605cf95ebc2f47\windows-amd64\native-platform-file-events.dll
0x00007ffb78eb0000 - 0x00007ffb78ebd000 	C:\Program Files\Java\jdk1.8.0_202\jre\bin\management.dll
0x00007ffb7bf90000 - 0x00007ffb7bfab000 	C:\WINDOWS\SYSTEM32\CRYPTSP.dll
0x00007ffb7b850000 - 0x00007ffb7b887000 	C:\WINDOWS\system32\rsaenh.dll
0x00007ffb7be30000 - 0x00007ffb7be58000 	C:\WINDOWS\SYSTEM32\USERENV.dll
0x00007ffb7d3f0000 - 0x00007ffb7d46b000 	C:\WINDOWS\System32\bcryptprimitives.dll
0x00007ffb7bfb0000 - 0x00007ffb7bfbc000 	C:\WINDOWS\SYSTEM32\CRYPTBASE.dll
0x00007ffb7b360000 - 0x00007ffb7b38d000 	C:\WINDOWS\SYSTEM32\IPHLPAPI.DLL
0x00007ffb7eb70000 - 0x00007ffb7eb79000 	C:\WINDOWS\System32\NSI.dll
0x00007ffb78350000 - 0x00007ffb78369000 	C:\WINDOWS\SYSTEM32\dhcpcsvc6.DLL
0x00007ffb782f0000 - 0x00007ffb7830f000 	C:\WINDOWS\SYSTEM32\dhcpcsvc.DLL
0x00007ffb7b3d0000 - 0x00007ffb7b4c8000 	C:\WINDOWS\SYSTEM32\DNSAPI.dll
0x00007ffb7ba00000 - 0x00007ffb7ba34000 	C:\WINDOWS\SYSTEM32\ntmarta.dll

VM Arguments:
jvm_args: -Xmx2048m -Dfile.encoding=UTF-8 -Duser.country=IN -Duser.language=en -Duser.variant -javaagent:C:\Users\madhu\.gradle\wrapper\dists\gradle-8.4-bin\1w5dpkrfk8irigvoxmyhowfim\gradle-8.4\lib\agents\gradle-instrumentation-agent-8.4.jar 
java_command: org.gradle.launcher.daemon.bootstrap.GradleDaemon 8.4
java_class_path (initial): C:\Users\madhu\.gradle\wrapper\dists\gradle-8.4-bin\1w5dpkrfk8irigvoxmyhowfim\gradle-8.4\lib\gradle-launcher-8.4.jar;C:\Users\madhu\.gradle\wrapper\dists\gradle-8.4-bin\1w5dpkrfk8irigvoxmyhowfim\gradle-8.4\lib\agents\gradle-instrumentation-agent-8.4.jar
Launcher Type: SUN_STANDARD

Environment Variables:
JAVA_HOME=C:\Program Files\Java\jdk-20
PATH=C:\Python27\;C:\Python27\Scripts;C:\Program Files (x86)\Common Files\Oracle\Java\java8path;C:\Program Files (x86)\Common Files\Oracle\Java\javapath;C:\WINDOWS\system32;C:\WINDOWS;C:\WINDOWS\System32\Wbem;C:\WINDOWS\System32\WindowsPowerShell\v1.0\;C:\WINDOWS\System32\OpenSSH\;C:\Program Files\mongodb-database-tools-windows-x86_64-100.6.1\bin;C:\Program Files\mongosh-1.6.2-win32-x64\bin;C:\Program Files\MongoDB\Server\6.0\bin;C:\Program Files\nodejs\;C:\Users\madhu\PycharmProjects\pythonProject\venv\Scripts;C:\Program Files\Java\jdk1.8.0_202\bin;C:\xampp\php;C:\ProgramData\ComposerSetup\bin;C:\Program Files\Git\cmd;C:\Usr\local;C:\Program Files\Docker\Docker\resources\bin;D:\SEM_3\Big Data\hadoop-3.4.0\bin;D:\SEM_3\Big Data\hadoop-3.4.0\sbin;C:\Program Files\PuTTY\;C:\Program Files\CMake\bin;C:\Program Files\MongoDB\Server\8.0\bin;C:\Users\madhu\ngrok-v3-stable-windows-amd64;C:\Python27\;C:\Python27\Scripts;C:\Program Files (x86)\Common Files\Oracle\Java\java8path;C:\Program Files (x86)\Common Files\Oracle\Java\javapath;C:\WINDOWS\system32;C:\WINDOWS;C:\WINDOWS\System32\Wbem;C:\WINDOWS\System32\WindowsPowerShell\v1.0\;C:\WINDOWS\System32\OpenSSH\;C:\Program Files\mongodb-database-tools-windows-x86_64-100.6.1\bin;C:\Program Files\mongosh-1.6.2-win32-x64\bin;C:\Program Files\MongoDB\Server\6.0\bin;C:\Program Files\nodejs\;C:\Users\madhu\PycharmProjects\pythonProject\venv\Scripts;C:\Program Files\Java\jdk1.8.0_202\bin;C:\xampp\php;C:\ProgramData\ComposerSetup\bin;C:\Program Files\Git\cmd;C:\Usr\local;C:\Program Files\Docker\Docker\resources\bin;D:\SEM_3\Big Data\hadoop-3.4.0\bin;D:\SEM_3\Big Data\hadoop-3.4.0\sbin;C:\Program Files\PuTTY\;C:\Program Files\CMake\bin;C:\Program Files\MongoDB\Server\8.0\bin;C:\Program Files\Java\jdk1.8.0_202;C:\Users\madhu\AppData\Local\Programs\Microsoft VS Code\bin;C:\Users\madhu\AppData\Roaming\Composer\vendor\bin;C:\Program Files\Git\bin;;C:\ngrok
USERNAME=madhu
OS=Windows_NT
PROCESSOR_IDENTIFIER=Intel64 Family 6 Model 140 Stepping 1, GenuineIntel



---------------  S Y S T E M  ---------------

OS: Windows 10.0 , 64 bit Build 22621 (10.0.22621.5415)

CPU:total 8 (initial active 8) (4 cores per cpu, 2 threads per core) family 6 model 140 stepping 1, cmov, cx8, fxsr, mmx, sse, sse2, sse3, ssse3, sse4.1, sse4.2, popcnt, avx, avx2, aes, clmul, erms, 3dnowpref, lzcnt, ht, tsc, tscinvbit, bmi1, bmi2, adx

Memory: 4k page, physical 8075740k(326980k free), swap 16464348k(3424k free)

vm_info: Java HotSpot(TM) 64-Bit Server VM (25.202-b08) for windows-amd64 JRE (1.8.0_202-b08), built on Dec 15 2018 19:54:30 by "java_re" with MS VC++ 10.0 (VS2010)

time: Wed Jul 23 15:33:16 2025
timezone: India Standard Time
elapsed time: 6 seconds (0d 0h 0m 6s)

